Thu Nov 13 23:50:37 2014 Moisture detected
Thu Nov 13 23:50:38 2014 Moisture no longer detected
Thu Nov 13 23:58:35 2014 Moisture detected
Thu Nov 13 23:58:35 2014 Moisture no longer detected
Fri Nov 14 00:00:28 2014 Moisture detected
Fri Nov 14 00:00:28 2014 Moisture no longer detected
Fri Nov 14 00:26:58 2014 Moisture detected
Fri Nov 14 00:27:01 2014 Moisture no longer detected
Fri Nov 14 00:28:30 2014 Moisture detected
Fri Nov 14 00:28:31 2014 Moisture no longer detected
Fri Nov 14 00:28:36 2014 Moisture detected
Fri Nov 14 00:28:37 2014 Moisture no longer detected
Fri Nov 14 00:28:38 2014 Moisture detected
Fri Nov 14 00:28:39 2014 Moisture no longer detected
Fri Nov 14 00:28:45 2014 Moisture detected
Fri Nov 14 00:28:46 2014 Moisture no longer detected
Fri Nov 14 00:28:54 2014 Moisture detected
Fri Nov 14 00:28:55 2014 Moisture detected
Fri Nov 14 00:28:55 2014 Moisture no longer detected
Fri Nov 14 00:28:58 2014 Moisture detected
Fri Nov 14 00:28:59 2014 Moisture no longer detected
Fri Nov 14 00:34:03 2014 Email sent
Fri Nov 14 00:34:04 2014 Moisture no longer detected
